#
# A fatal error has been detected by the Java Runtime Environment:
#
#  EXCEPTION_ACCESS_VIOLATION (0xc0000005) at pc=0x000000006c685b55, pid=5876, tid=3948
#
# JRE version: Java(TM) SE Runtime Environment (8.0_60-b27) (build 1.8.0_60-b27)
# Java VM: Java HotSpot(TM) 64-Bit Server VM (25.60-b23 mixed mode windows-amd64 compressed oops)
# Problematic frame:
# V  [jvm.dll+0x495b55]
#
# Failed to write core dump. Minidumps are not enabled by default on client versions of Windows
#
# If you would like to submit a bug report, please visit:
#   http://bugreport.java.com/bugreport/crash.jsp
#

---------------  T H R E A D  ---------------

Current thread (0x00000000579a1000):  JavaThread "C2 CompilerThread1" daemon [_thread_in_native, id=3948, stack(0x00000000573e0000,0x00000000574e0000)]

siginfo: ExceptionCode=0xc0000005, reading address 0x000000005ac94898

Registers:
RAX=0x00000000000026da, RBX=0x000000005ac94890, RCX=0x0000000000000005, RDX=0x0000000000000002
RSP=0x00000000574dc420, RBP=0x0000000000001f19, RSI=0x00000000574dc520, RDI=0x0000000000001f19
R8 =0x0000000000000000, R9 =0x00000000000026d9, R10=0x000000006c1f0000, R11=0x00000000574dc310
R12=0x000000006c9face8, R13=0x000000006c1f0000, R14=0x00000000579a4c78, R15=0x00000000000003d8
RIP=0x000000006c685b55, EFLAGS=0x0000000000010202

Top of Stack: (sp=0x00000000574dc420)
0x00000000574dc420:   000000005ab80210 000000005abebf10
0x00000000574dc430:   0000000000001f19 00000000574dc520
0x00000000574dc440:   000026de00000000 0000000000000007
0x00000000574dc450:   00000000589960a0 0000000000000027
0x00000000574dc460:   000000005897ef38 00000000000e0023
0x00000000574dc470:   000000005ac46ff0 00000000574dc810
0x00000000574dc480:   00000000579a48a0 00000000574dc810
0x00000000574dc490:   00000000579a4890 000000006c652671
0x00000000574dc4a0:   0000000000000000 00000000574dc5a0
0x00000000574dc4b0:   0000000000000000 000000000000000e
0x00000000574dc4c0:   0000000000000002 00000000579a4890
0x00000000574dc4d0:   0000000058b19f10 0000000058b1e540
0x00000000574dc4e0:   0000000058b21ef8 00000000006bd678
0x00000000574dc4f0:   0000000000000002 00000000579a3cc0
0x00000000574dc500:   00000000579a3cc0 00000000579a3cd0
0x00000000574dc510:   00000000579a40a8 00000000000003d8 

Instructions: (pc=0x000000006c685b55)
0x000000006c685b35:   48 8d 4c 24 20 e8 b1 4e 00 00 85 c0 74 68 8b c0
0x000000006c685b45:   48 8d 1c 80 48 c1 e3 05 48 03 5e 10 85 ff 74 93
0x000000006c685b55:   48 8b 43 08 48 8b cd 48 c1 e9 08 4c 8b 0c c8 4d
0x000000006c685b65:   3b cc 75 0d 8b d7 48 8b cb e8 bd 4a 00 00 4c 8b 


Register to memory mapping:

RAX=0x00000000000026da is an unknown value
RBX=0x000000005ac94890 is an unknown value
RCX=0x0000000000000005 is an unknown value
RDX=0x0000000000000002 is an unknown value
RSP=0x00000000574dc420 is pointing into the stack for thread: 0x00000000579a1000
RBP=0x0000000000001f19 is an unknown value
RSI=0x00000000574dc520 is pointing into the stack for thread: 0x00000000579a1000
RDI=0x0000000000001f19 is an unknown value
R8 =0x0000000000000000 is an unknown value
R9 =0x00000000000026d9 is an unknown value
R10=0x000000006c1f0000 is an unknown value
R11=0x00000000574dc310 is pointing into the stack for thread: 0x00000000579a1000
R12=0x000000006c9face8 is an unknown value
R13=0x000000006c1f0000 is an unknown value
R14=0x00000000579a4c78 is an unknown value
R15=0x00000000000003d8 is an unknown value


Stack: [0x00000000573e0000,0x00000000574e0000],  sp=0x00000000574dc420,  free space=1009k
Native frames: (J=compiled Java code, j=interpreted, Vv=VM code, C=native code)
V  [jvm.dll+0x495b55]
V  [jvm.dll+0x462671]
V  [jvm.dll+0x46d51b]
V  [jvm.dll+0x46fb32]
V  [jvm.dll+0x452cb2]
V  [jvm.dll+0xa4662]
V  [jvm.dll+0xa4f9f]
V  [jvm.dll+0x243134]
V  [jvm.dll+0x299f6a]
C  [msvcr100.dll+0x21d9f]
C  [msvcr100.dll+0x21e3b]
C  [kernel32.dll+0x1652d]
C  [ntdll.dll+0x2c521]


Current CompileTask:
C2:  60230 2594       4       sun.java2d.SunGraphics2D::drawImage (11 bytes)


---------------  P R O C E S S  ---------------

Java Threads: ( => current thread )
  0x00000000585a9000 JavaThread "Swing-Shell" daemon [_thread_blocked, id=6136, stack(0x000000005b2a0000,0x000000005b3a0000)]
  0x000000005854a800 JavaThread "TimerQueue" daemon [_thread_blocked, id=6072, stack(0x0000000059230000,0x0000000059330000)]
  0x0000000001c9e000 JavaThread "DestroyJavaVM" [_thread_blocked, id=5220, stack(0x0000000002450000,0x0000000002550000)]
  0x0000000058473000 JavaThread "AWT-EventQueue-0" [_thread_blocked, id=2308, stack(0x0000000059860000,0x0000000059960000)]
  0x0000000057d7c000 JavaThread "AWT-Windows" daemon [_thread_in_native, id=4264, stack(0x0000000059070000,0x0000000059170000)]
  0x0000000057d7b000 JavaThread "AWT-Shutdown" [_thread_blocked, id=5392, stack(0x0000000058f10000,0x0000000059010000)]
  0x0000000057cda000 JavaThread "Java2D Disposer" daemon [_thread_blocked, id=1736, stack(0x0000000058d60000,0x0000000058e60000)]
  0x0000000057a24800 JavaThread "Service Thread" daemon [_thread_blocked, id=4328, stack(0x0000000058240000,0x0000000058340000)]
  0x00000000579ae000 JavaThread "C1 CompilerThread2" daemon [_thread_blocked, id=5700, stack(0x0000000058050000,0x0000000058150000)]
=>0x00000000579a1000 JavaThread "C2 CompilerThread1" daemon [_thread_in_native, id=3948, stack(0x00000000573e0000,0x00000000574e0000)]
  0x0000000056293000 JavaThread "C2 CompilerThread0" daemon [_thread_in_native, id=4336, stack(0x0000000057e80000,0x0000000057f80000)]
  0x000000005629e000 JavaThread "Attach Listener" daemon [_thread_blocked, id=4600, stack(0x0000000057890000,0x0000000057990000)]
  0x000000005629d000 JavaThread "Signal Dispatcher" daemon [_thread_blocked, id=4192, stack(0x0000000057180000,0x0000000057280000)]
  0x0000000056237000 JavaThread "Finalizer" daemon [_thread_blocked, id=3568, stack(0x00000000576a0000,0x00000000577a0000)]
  0x0000000056230000 JavaThread "Reference Handler" daemon [_thread_blocked, id=4852, stack(0x00000000574e0000,0x00000000575e0000)]

Other Threads:
  0x000000005622a800 VMThread [stack: 0x00000000572d0000,0x00000000573d0000] [id=1100]
  0x0000000057a4a000 WatcherThread [stack: 0x0000000058360000,0x0000000058460000] [id=3764]

VM state:not at safepoint (normal execution)

VM Mutex/Monitor currently owned by a thread: None

Heap:
 PSYoungGen      total 28672K, used 25797K [0x00000000e0800000, 0x00000000e2800000, 0x0000000100000000)
  eden space 24576K, 88% used [0x00000000e0800000,0x00000000e1d37270,0x00000000e2000000)
  from space 4096K, 99% used [0x00000000e2000000,0x00000000e23fa2c0,0x00000000e2400000)
  to   space 4096K, 0% used [0x00000000e2400000,0x00000000e2400000,0x00000000e2800000)
 ParOldGen       total 65536K, used 5726K [0x00000000a1800000, 0x00000000a5800000, 0x00000000e0800000)
  object space 65536K, 8% used [0x00000000a1800000,0x00000000a1d97930,0x00000000a5800000)
 Metaspace       used 15176K, capacity 15422K, committed 15616K, reserved 1062912K
  class space    used 1931K, capacity 2017K, committed 2048K, reserved 1048576K

Card table byte_map: [0x0000000011be0000,0x0000000011ee0000] byte_map_base: 0x00000000116d4000

Marking Bits: (ParMarkBitMap*) 0x000000006c9fa5b0
 Begin Bits: [0x0000000012660000, 0x0000000013e00000)
 End Bits:   [0x0000000013e00000, 0x00000000155a0000)

Polling page: 0x0000000001c60000

CodeCache: size=245760Kb used=8022Kb max_used=8146Kb free=237737Kb
 bounds [0x0000000002820000, 0x0000000003030000, 0x0000000011820000]
 total_blobs=2969 nmethods=2463 adapters=416
 compilation: enabled

Compilation events (10 events):
Event: 59.928 Thread 0x00000000579ae000 2590       3       java.awt.Rectangle::getY (6 bytes)
Event: 59.929 Thread 0x00000000579ae000 nmethod 2590 0x0000000002962f50 code [0x00000000029630a0, 0x00000000029631f0]
Event: 59.929 Thread 0x00000000579ae000 2591       3       sun.awt.geom.Edge::record (11 bytes)
Event: 59.929 Thread 0x00000000579ae000 nmethod 2591 0x0000000002a18450 code [0x0000000002a185a0, 0x0000000002a186f0]
Event: 59.929 Thread 0x00000000579ae000 2592       3       sun.awt.geom.CurveLink::<init> (102 bytes)
Event: 59.930 Thread 0x00000000579ae000 nmethod 2592 0x0000000002a9fc50 code [0x0000000002a9ff20, 0x0000000002aa1428]
Event: 59.941 Thread 0x0000000056293000 2593       4       javax.swing.RepaintManager::collectDirtyComponents (344 bytes)
Event: 59.942 Thread 0x00000000579a1000 2594       4       sun.java2d.SunGraphics2D::drawImage (11 bytes)
Event: 59.973 Thread 0x0000000056293000 nmethod 2593 0x000000000301ef10 code [0x000000000301f100, 0x00000000030201d0]
Event: 60.091 Thread 0x0000000056293000 2595   !   4       javax.swing.JComponent::_paintImmediately (891 bytes)

GC Heap History (2 events):
Event: 4.400 GC heap before
{Heap before GC invocations=1 (full 0):
 PSYoungGen      total 28672K, used 24576K [0x00000000e0800000, 0x00000000e2800000, 0x0000000100000000)
  eden space 24576K, 100% used [0x00000000e0800000,0x00000000e2000000,0x00000000e2000000)
  from space 4096K, 0% used [0x00000000e2400000,0x00000000e2400000,0x00000000e2800000)
  to   space 4096K, 0% used [0x00000000e2000000,0x00000000e2000000,0x00000000e2400000)
 ParOldGen       total 65536K, used 0K [0x00000000a1800000, 0x00000000a5800000, 0x00000000e0800000)
  object space 65536K, 0% used [0x00000000a1800000,0x00000000a1800000,0x00000000a5800000)
 Metaspace       used 14193K, capacity 14448K, committed 14848K, reserved 1062912K
  class space    used 1886K, capacity 1952K, committed 2048K, reserved 1048576K
Event: 4.409 GC heap after
Heap after GC invocations=1 (full 0):
 PSYoungGen      total 28672K, used 4072K [0x00000000e0800000, 0x00000000e2800000, 0x0000000100000000)
  eden space 24576K, 0% used [0x00000000e0800000,0x00000000e0800000,0x00000000e2000000)
  from space 4096K, 99% used [0x00000000e2000000,0x00000000e23fa2c0,0x00000000e2400000)
  to   space 4096K, 0% used [0x00000000e2400000,0x00000000e2400000,0x00000000e2800000)
 ParOldGen       total 65536K, used 5726K [0x00000000a1800000, 0x00000000a5800000, 0x00000000e0800000)
  object space 65536K, 8% used [0x00000000a1800000,0x00000000a1d97930,0x00000000a5800000)
 Metaspace       used 14193K, capacity 14448K, committed 14848K, reserved 1062912K
  class space    used 1886K, capacity 1952K, committed 2048K, reserved 1048576K
}

Deoptimization events (10 events):
Event: 3.421 Thread 0x0000000058473000 Uncommon trap: reason=class_check action=maybe_recompile pc=0x0000000002b3ab20 method=java.util.HashMap.putVal(ILjava/lang/Object;Ljava/lang/Object;ZZ)Ljava/lang/Object; @ 203
Event: 4.424 Thread 0x0000000058473000 Uncommon trap: reason=unstable_if action=reinterpret pc=0x0000000002b5d234 method=java.lang.ref.SoftReference.get()Ljava/lang/Object; @ 17
Event: 4.424 Thread 0x0000000058473000 Uncommon trap: reason=unstable_if action=reinterpret pc=0x0000000002b58de8 method=java.lang.ref.SoftReference.get()Ljava/lang/Object; @ 17
Event: 4.424 Thread 0x0000000058473000 Uncommon trap: reason=unstable_if action=reinterpret pc=0x0000000002b36e20 method=java.lang.ref.SoftReference.get()Ljava/lang/Object; @ 17
Event: 8.563 Thread 0x0000000058473000 Uncommon trap: reason=unstable_if action=reinterpret pc=0x0000000002d51744 method=javax.swing.SwingUtilities.computeIntersection(IIIILjava/awt/Rectangle;)Ljava/awt/Rectangle; @ 6
Event: 14.921 Thread 0x0000000058473000 Uncommon trap: reason=unstable_if action=reinterpret pc=0x0000000002d82840 method=java.util.IdentityHashMap.isEmpty()Z @ 4
Event: 19.417 Thread 0x0000000058473000 Uncommon trap: reason=unstable_if action=reinterpret pc=0x0000000002e33408 method=javax.swing.SwingUtilities.computeIntersection(IIIILjava/awt/Rectangle;)Ljava/awt/Rectangle; @ 62
Event: 22.636 Thread 0x0000000058473000 Uncommon trap: reason=unstable_if action=reinterpret pc=0x0000000002e52b60 method=javax.swing.RepaintManager.addDirtyRegion0(Ljava/awt/Container;IIII)V @ 7
Event: 22.636 Thread 0x0000000058473000 Uncommon trap: reason=unstable_if action=reinterpret pc=0x0000000002e3eafc method=javax.swing.RepaintManager.addDirtyRegion0(Ljava/awt/Container;IIII)V @ 7
Event: 31.119 Thread 0x0000000058473000 Uncommon trap: reason=unstable_if action=reinterpret pc=0x0000000002ee7030 method=java.awt.AWTKeyStroke.equals(Ljava/lang/Object;)Z @ 20

Internal exceptions (10 events):
Event: 0.040 Thread 0x0000000001c9e000 Exception <a 'java/lang/NoSuchMethodError': Method sun.misc.Unsafe.prefetchRead(Ljava/lang/Object;J)V name or signature does not match> (0x00000000e080d978) thrown at [C:\re\workspace\8-2-build-windows-amd64-cygwin\jdk8u60\4407\hotspot\src\share\vm\prims\jóÈL	¿?
Event: 0.121 Thread 0x0000000001c9e000 Exception <a 'java/security/PrivilegedActionException'> (0x00000000e0980428) thrown at [C:\re\workspace\8-2-build-windows-amd64-cygwin\jdk8u60\4407\hotspot\src\share\vm\prims\jvm.cpp, line 1386]
Event: 0.121 Thread 0x0000000001c9e000 Exception <a 'java/security/PrivilegedActionException'> (0x00000000e0980638) thrown at [C:\re\workspace\8-2-build-windows-amd64-cygwin\jdk8u60\4407\hotspot\src\share\vm\prims\jvm.cpp, line 1386]
Event: 0.122 Thread 0x0000000001c9e000 Exception <a 'java/security/PrivilegedActionException'> (0x00000000e0984480) thrown at [C:\re\workspace\8-2-build-windows-amd64-cygwin\jdk8u60\4407\hotspot\src\share\vm\prims\jvm.cpp, line 1386]
Event: 0.122 Thread 0x0000000001c9e000 Exception <a 'java/security/PrivilegedActionException'> (0x00000000e0984690) thrown at [C:\re\workspace\8-2-build-windows-amd64-cygwin\jdk8u60\4407\hotspot\src\share\vm\prims\jvm.cpp, line 1386]
Event: 0.127 Thread 0x0000000001c9e000 Exception <a 'java/io/FileNotFoundException'> (0x00000000e0986bb8) thrown at [C:\re\workspace\8-2-build-windows-amd64-cygwin\jdk8u60\4407\hotspot\src\share\vm\prims\jni.cpp, line 709]
Event: 0.191 Thread 0x0000000001c9e000 Exception <a 'java/lang/NoSuchFieldError': method resolution failed> (0x00000000e0a55298) thrown at [C:\re\workspace\8-2-build-windows-amd64-cygwin\jdk8u60\4407\hotspot\src\share\vm\prims\methodHandles.cpp, line 1146]
Event: 0.194 Thread 0x0000000001c9e000 Exception <a 'java/lang/NoSuchFieldError': method resolution failed> (0x00000000e0a625e8) thrown at [C:\re\workspace\8-2-build-windows-amd64-cygwin\jdk8u60\4407\hotspot\src\share\vm\prims\methodHandles.cpp, line 1146]
Event: 0.264 Thread 0x0000000001c9e000 Implicit null exception at 0x000000000298894b to 0x0000000002988afd
Event: 0.275 Thread 0x0000000001c9e000 Exception <a 'java/io/FileNotFoundException'> (0x00000000e0b45258) thrown at [C:\re\workspace\8-2-build-windows-amd64-cygwin\jdk8u60\4407\hotspot\src\share\vm\prims\jni.cpp, line 709]

Events (10 events):
Event: 55.868 Thread 0x00000000579ae000 flushing nmethod 0x0000000002b96f10
Event: 55.868 Thread 0x00000000579ae000 flushing nmethod 0x0000000002b9ff90
Event: 55.868 Thread 0x00000000579ae000 flushing nmethod 0x0000000002ba08d0
Event: 55.868 Thread 0x00000000579ae000 flushing nmethod 0x0000000002badc90
Event: 55.868 Thread 0x00000000579ae000 flushing nmethod 0x0000000002bb0a10
Event: 55.868 Thread 0x00000000579ae000 flushing nmethod 0x0000000002bc8490
Event: 59.916 Executing VM operation: RevokeBias
Event: 59.916 Executing VM operation: RevokeBias done
Event: 59.917 Executing VM operation: RevokeBias
Event: 59.917 Executing VM operation: RevokeBias done


Dynamic libraries:
0x000000013f140000 - 0x000000013f177000 	C:\Program Files\Java\jdk1.8.0_60\bin\java.exe
0x00000000776b0000 - 0x0000000077859000 	C:\Windows\SYSTEM32\ntdll.dll
0x0000000077490000 - 0x00000000775af000 	C:\Windows\system32\kernel32.dll
0x000007fefd940000 - 0x000007fefd9ab000 	C:\Windows\system32\KERNELBASE.dll
0x000007fefda40000 - 0x000007fefdb1b000 	C:\Windows\system32\ADVAPI32.dll
0x000007feff850000 - 0x000007feff8ef000 	C:\Windows\system32\msvcrt.dll
0x000007fefde90000 - 0x000007fefdeaf000 	C:\Windows\SYSTEM32\sechost.dll
0x000007feff4d0000 - 0x000007feff5fd000 	C:\Windows\system32\RPCRT4.dll
0x00000000775b0000 - 0x00000000776aa000 	C:\Windows\system32\USER32.dll
0x000007fefd9d0000 - 0x000007fefda37000 	C:\Windows\system32\GDI32.dll
0x000007feff240000 - 0x000007feff24e000 	C:\Windows\system32\LPK.dll
0x000007feff8f0000 - 0x000007feff9b9000 	C:\Windows\system32\USP10.dll
0x000007fefbcc0000 - 0x000007fefbeb4000 	C:\Windows\WinSxS\amd64_microsoft.windows.common-controls_6595b64144ccf1df_6.0.7601.17514_none_fa396087175ac9ac\COMCTL32.dll
0x000007feff7d0000 - 0x000007feff841000 	C:\Windows\system32\SHLWAPI.dll
0x000007fefe240000 - 0x000007fefe26e000 	C:\Windows\system32\IMM32.DLL
0x000007fefdb20000 - 0x000007fefdc29000 	C:\Windows\system32\MSCTF.dll
0x0000000073e60000 - 0x0000000073f32000 	C:\Program Files\Java\jdk1.8.0_60\jre\bin\msvcr100.dll
0x000000006c1f0000 - 0x000000006ca79000 	C:\Program Files\Java\jdk1.8.0_60\jre\bin\server\jvm.dll
0x000007fef9bc0000 - 0x000007fef9bc9000 	C:\Windows\system32\WSOCK32.dll
0x000007fefe450000 - 0x000007fefe49d000 	C:\Windows\system32\WS2_32.dll
0x000007fefe4a0000 - 0x000007fefe4a8000 	C:\Windows\system32\NSI.dll
0x000007fefb3d0000 - 0x000007fefb40b000 	C:\Windows\system32\WINMM.dll
0x000007fefc760000 - 0x000007fefc76c000 	C:\Windows\system32\VERSION.dll
0x0000000077880000 - 0x0000000077887000 	C:\Windows\system32\PSAPI.DLL
0x00000000741b0000 - 0x00000000741bf000 	C:\Program Files\Java\jdk1.8.0_60\jre\bin\verify.dll
0x0000000074180000 - 0x00000000741a9000 	C:\Program Files\Java\jdk1.8.0_60\jre\bin\java.dll
0x0000000074160000 - 0x0000000074176000 	C:\Program Files\Java\jdk1.8.0_60\jre\bin\zip.dll
0x000007fefe4b0000 - 0x000007feff238000 	C:\Windows\system32\SHELL32.dll
0x000007fefdeb0000 - 0x000007fefe0b3000 	C:\Windows\system32\ole32.dll
0x000007fefd600000 - 0x000007fefd60f000 	C:\Windows\system32\profapi.dll
0x0000000073cc0000 - 0x0000000073e58000 	C:\Program Files\Java\jdk1.8.0_60\jre\bin\awt.dll
0x000007feff3f0000 - 0x000007feff4c7000 	C:\Windows\system32\OLEAUT32.dll
0x000007fefbc60000 - 0x000007fefbcb6000 	C:\Windows\system32\uxtheme.dll
0x000007fefb340000 - 0x000007fefb358000 	C:\Windows\system32\dwmapi.dll
0x000007fefd530000 - 0x000007fefd53f000 	C:\Windows\system32\CRYPTBASE.dll
0x00000000740d0000 - 0x0000000074117000 	C:\Program Files\Java\jdk1.8.0_60\jre\bin\fontmanager.dll
0x0000000074140000 - 0x000000007415a000 	C:\Program Files\Java\jdk1.8.0_60\jre\bin\net.dll
0x000007fefce70000 - 0x000007fefcec5000 	C:\Windows\system32\mswsock.dll
0x000007fefce60000 - 0x000007fefce67000 	C:\Windows\System32\wship6.dll
0x0000000074120000 - 0x0000000074131000 	C:\Program Files\Java\jdk1.8.0_60\jre\bin\nio.dll
0x0000000073c70000 - 0x0000000073cb2000 	C:\Program Files\Java\jdk1.8.0_60\jre\bin\t2k.dll
0x000007feff250000 - 0x000007feff2e9000 	C:\Windows\system32\CLBCatQ.DLL
0x000007fefaab0000 - 0x000007fefabda000 	C:\Windows\system32\WindowsCodecs.dll
0x000007fefd4d0000 - 0x000007fefd527000 	C:\Windows\system32\apphelp.dll
0x000007feee6c0000 - 0x000007feee6c9000 	C:\Program Files (x86)\Internet Download Manager\IDMShellExt64.dll
0x000007feee480000 - 0x000007feee6bb000 	C:\PROGRA~1\MICROS~2\Office15\GROOVEEX.DLL
0x0000000073af0000 - 0x0000000073b88000 	C:\Windows\system32\MSVCP100.dll
0x0000000073120000 - 0x000000007314b000 	C:\Windows\system32\ATL100.DLL
0x000007feee0e0000 - 0x000007feee3f6000 	C:\Windows\system32\msi.dll
0x000007feec4b0000 - 0x000007feecae9000 	C:\PROGRA~1\MICROS~2\Office15\1033\GrooveIntlResource.dll
0x000007feedbd0000 - 0x000007feedc05000 	C:\Windows\system32\EhStorShell.dll
0x000007fefe270000 - 0x000007fefe447000 	C:\Windows\system32\SETUPAPI.dll
0x000007fefd6b0000 - 0x000007fefd6e6000 	C:\Windows\system32\CFGMGR32.dll
0x000007fefd9b0000 - 0x000007fefd9ca000 	C:\Windows\system32\DEVOBJ.dll
0x000007fefbfc0000 - 0x000007fefc0ec000 	C:\Windows\system32\PROPSYS.dll
0x000007feedb50000 - 0x000007feedbce000 	C:\Windows\System32\cscui.dll
0x000007feee6d0000 - 0x000007feee6dc000 	C:\Windows\System32\CSCDLL.dll
0x000007fef4720000 - 0x000007fef472f000 	C:\Windows\system32\CSCAPI.dll
0x000007feedad0000 - 0x000007feedb50000 	C:\Windows\system32\ntshrui.dll
0x000007fefd170000 - 0x000007fefd193000 	C:\Windows\system32\srvcli.dll
0x000007fefb700000 - 0x000007fefb70b000 	C:\Windows\system32\slc.dll
0x000007fef9690000 - 0x000007fef9730000 	C:\Windows\WinSxS\amd64_microsoft.windows.common-controls_6595b64144ccf1df_5.82.7601.17514_none_a4d6a923711520a9\comctl32.dll
0x000007fefc2a0000 - 0x000007fefc2cd000 	C:\Windows\system32\ntmarta.dll
0x000007feff390000 - 0x000007feff3e2000 	C:\Windows\system32\WLDAP32.dll
0x000007feebe00000 - 0x000007feebf9c000 	C:\Windows\system32\NetworkExplorer.dll
0x000007feec470000 - 0x000007feec4a4000 	C:\Windows\System32\shdocvw.dll
0x000007fef9b90000 - 0x000007fef9ba8000 	C:\Windows\system32\MPR.dll
0x000007fefa390000 - 0x000007fefa39a000 	C:\Windows\System32\drprov.dll
0x000007fefcbe0000 - 0x000007fefcc1d000 	C:\Windows\System32\WINSTA.dll
0x000007fefa360000 - 0x000007fefa382000 	C:\Windows\System32\ntlanman.dll
0x000007fefa340000 - 0x000007fefa35c000 	C:\Windows\System32\davclnt.dll
0x000007fefa330000 - 0x000007fefa33a000 	C:\Windows\System32\DAVHLPR.dll
0x000007fefa880000 - 0x000007fefa895000 	C:\Windows\system32\wkscli.dll
0x000007fefa8a0000 - 0x000007fefa8ac000 	C:\Windows\system32\netutils.dll
0x000007fee73f0000 - 0x000007fee7661000 	C:\Windows\system32\wpdshext.dll
0x000007fefba40000 - 0x000007fefbc55000 	C:\Windows\WinSxS\amd64_microsoft.windows.gdiplus_6595b64144ccf1df_1.1.7601.17514_none_2b24536c71ed437a\gdiplus.dll
0x000007fef3dc0000 - 0x000007fef3e7d000 	C:\Windows\system32\PortableDeviceApi.dll
0x000007fefd900000 - 0x000007fefd93a000 	C:\Windows\system32\WINTRUST.dll
0x000007fefd790000 - 0x000007fefd8f7000 	C:\Windows\system32\CRYPT32.dll
0x000007fefd6a0000 - 0x000007fefd6af000 	C:\Windows\system32\MSASN1.dll
0x000007fefb0f0000 - 0x000007fefb129000 	C:\Windows\system32\PortableDeviceTypes.dll
0x000007fefb150000 - 0x000007fefb177000 	C:\Windows\system32\EhStorAPI.dll
0x000007feed940000 - 0x000007feed94c000 	C:\Windows\system32\LINKINFO.dll
0x000007fefd2d0000 - 0x000007fefd2db000 	C:\Windows\system32\Secur32.dll
0x000007fefd4a0000 - 0x000007fefd4c5000 	C:\Windows\system32\SSPICLI.DLL
0x000007fefa860000 - 0x000007fefa874000 	C:\Windows\system32\samcli.dll
0x000007fefc250000 - 0x000007fefc26d000 	C:\Windows\system32\SAMLIB.dll
0x000007fef9810000 - 0x000007fef9935000 	C:\Windows\system32\dbghelp.dll

VM Arguments:
jvm_args: -Dfile.encoding=UTF-8 
java_command: FinalProject.Awal
java_class_path (initial): C:\Users\Ahmad\Documents\NetBeansProjects\FinalProject\build\classes
Launcher Type: SUN_STANDARD

Environment Variables:
PATH=C:\Windows\system32;C:\Windows;C:\Windows\System32\Wbem;C:\Windows\System32\WindowsPowerShell\v1.0\;C:\Program Files\nodejs\;C:\xampp\php;C:\ProgramData\ComposerSetup\bin;C:\Program Files\Git\cmd;C:\Program Files (x86)\Microsoft SQL Server\110\Tools\Binn\;C:\Program Files\Microsoft SQL Server\110\Tools\Binn\;C:\Program Files\Microsoft SQL Server\110\DTS\Binn\;C:\Program Files (x86)\Microsoft SQL Server\110\Tools\Binn\ManagementStudio\;C:\Program Files (x86)\Microsoft Visual Studio 10.0\Common7\IDE\PrivateAssemblies\;C:\Program Files (x86)\Microsoft SQL Server\110\DTS\Binn\;C:\Program Files\Java\jdk1.8.0_60\bin;C:\Users\Ahmad\AppData\Roaming\npm; C:\Program Files\Java\jdk1.8.0_60\bin
USERNAME=Ahmad
OS=Windows_NT
PROCESSOR_IDENTIFIER=Intel64 Family 6 Model 42 Stepping 7, GenuineIntel



---------------  S Y S T E M  ---------------

OS: Windows 7 , 64 bit Build 7601 (6.1.7601.17514)

CPU:total 4 (2 cores per cpu, 2 threads per core) family 6 model 42 stepping 7, cmov, cx8, fxsr, mmx, sse, sse2, sse3, ssse3, sse4.1, sse4.2, popcnt, avx, clmul, ht, tsc, tscinvbit

Memory: 4k page, physical 6193148k(1355784k free), swap 12384452k(6259548k free)

vm_info: Java HotSpot(TM) 64-Bit Server VM (25.60-b23) for windows-amd64 JRE (1.8.0_60-b27), built on Aug  4 2015 11:06:27 by "java_re" with MS VC++ 10.0 (VS2010)

time: Mon Dec 28 20:03:41 2015
elapsed time: 60 seconds (0d 0h 1m 0s)

