#
# A fatal error has been detected by the Java Runtime Environment:
#
#  EXCEPTION_ACCESS_VIOLATION (0xc0000005) at pc=0x000000006d64ee9a, pid=1056, tid=6988
#
# JRE version: Java(TM) SE Runtime Environment (8.0_60-b27) (build 1.8.0_60-b27)
# Java VM: Java HotSpot(TM) 64-Bit Server VM (25.60-b23 mixed mode windows-amd64 compressed oops)
# Problematic frame:
# V  [jvm.dll+0x4dee9a]
#
# Failed to write core dump. Minidumps are not enabled by default on client versions of Windows
#
# If you would like to submit a bug report, please visit:
#   http://bugreport.java.com/bugreport/crash.jsp
#

---------------  T H R E A D  ---------------

Current thread (0x00000000562a7000):  JavaThread "C2 CompilerThread1" daemon [_thread_in_native, id=6988, stack(0x00000000571c0000,0x00000000572c0000)]

siginfo: ExceptionCode=0xc0000005, reading address 0xffffffffffffffff

Registers:
RAX=0x0061006800740061, RBX=0x00000000002d0068, RCX=0x00000000001e0000, RDX=0x0000000000000000
RSP=0x00000000572bc920, RBP=0x00000000572bc968, RSI=0x0000000000000003, RDI=0x00000000001e0000
R8 =0x0000000000000000, R9 =0x0000000000000000, R10=0xffe77effefffff1f, R11=0x000000005b1c0e80
R12=0x0000000000000018, R13=0x0000000057c78970, R14=0x0000000000000001, R15=0x00000000572bcc50
RIP=0x000000006d64ee9a, EFLAGS=0x0000000000010246

Top of Stack: (sp=0x00000000572bc920)
0x00000000572bc920:   00000000001e0000 fffffffffffffff8
0x00000000572bc930:   000000005b4d36c8 0000000000000000
0x00000000572bc940:   000000005b3203a0 000000005b362f70
0x00000000572bc950:   000000005b31b6f0 000000005629fce0
0x00000000572bc960:   0000000000000001 00000000572bf060
0x00000000572bc970:   000000000000001c 00000000000011e2
0x00000000572bc980:   00000000572bc9e0 000000006d64f767
0x00000000572bc990:   00000000572beea0 00000000572bcc50
0x00000000572bc9a0:   00000000572bcc50 0000000000000000
0x00000000572bc9b0:   0000000000100000 0000000000000000
0x00000000572bc9c0:   0000000000000000 0000000000000000
0x00000000572bc9d0:   0000000000000000 000000006d649abc
0x00000000572bc9e0:   000000006d7486c8 00000000572beea0
0x00000000572bc9f0:   0000000000000001 0000000057b7bea8
0x00000000572bca00:   00000000572bcb10 000000006d5dd331
0x00000000572bca10:   000000005b9ead30 00000000572beea0 

Instructions: (pc=0x000000006d64ee9a)
0x000000006d64ee7a:   c0 10 48 89 45 d8 48 89 18 48 8b 45 d8 44 89 70
0x000000006d64ee8a:   08 41 3b 75 1c 72 9f 48 8b 07 8b 5f 18 48 8b cf
0x000000006d64ee9a:   ff 90 90 00 00 00 48 85 c0 74 0a 48 8b c8 e8 c3
0x000000006d64eeaa:   7c f7 ff eb 02 8b c3 ff cb 4c 63 f0 4c 63 e3 4d 


Register to memory mapping:

RAX=0x0061006800740061 is an unknown value
RBX=0x00000000002d0068 is an unknown value
RCX=0x00000000001e0000 is an unknown value
RDX=0x0000000000000000 is an unknown value
RSP=0x00000000572bc920 is pointing into the stack for thread: 0x00000000562a7000
RBP=0x00000000572bc968 is pointing into the stack for thread: 0x00000000562a7000
RSI=0x0000000000000003 is an unknown value
RDI=0x00000000001e0000 is an unknown value
R8 =0x0000000000000000 is an unknown value
R9 =0x0000000000000000 is an unknown value
R10=0xffe77effefffff1f is an unknown value
R11=0x000000005b1c0e80 is an unknown value
R12=0x0000000000000018 is an unknown value
R13=0x0000000057c78970 is an unknown value
R14=0x0000000000000001 is an unknown value
R15=0x00000000572bcc50 is pointing into the stack for thread: 0x00000000562a7000


Stack: [0x00000000571c0000,0x00000000572c0000],  sp=0x00000000572bc920,  free space=1010k
Native frames: (J=compiled Java code, j=interpreted, Vv=VM code, C=native code)
V  [jvm.dll+0x4dee9a]
V  [jvm.dll+0x4df767]
V  [jvm.dll+0x46d331]
V  [jvm.dll+0x46fb32]
V  [jvm.dll+0x452cb2]
V  [jvm.dll+0xa4662]
V  [jvm.dll+0xa4f9f]
V  [jvm.dll+0x243134]
V  [jvm.dll+0x299f6a]
C  [msvcr100.dll+0x21d9f]
C  [msvcr100.dll+0x21e3b]
C  [kernel32.dll+0x1652d]
C  [ntdll.dll+0x2c521]


Current CompileTask:
C2:  81318 2519       4       sun.java2d.pipe.DrawImage::copyImage (60 bytes)


---------------  P R O C E S S  ---------------

Java Threads: ( => current thread )
  0x0000000058fa4000 JavaThread "TimerQueue" daemon [_thread_blocked, id=6336, stack(0x000000005a6c0000,0x000000005a7c0000)]
  0x00000000020ee000 JavaThread "DestroyJavaVM" [_thread_blocked, id=2956, stack(0x00000000024c0000,0x00000000025c0000)]
  0x0000000057e33800 JavaThread "AWT-EventQueue-0" [_thread_blocked, id=1044, stack(0x0000000059840000,0x0000000059940000)]
  0x0000000057e51800 JavaThread "AWT-Windows" daemon [_thread_in_native, id=6544, stack(0x0000000058830000,0x0000000058930000)]
  0x0000000057e4c000 JavaThread "AWT-Shutdown" [_thread_blocked, id=6460, stack(0x0000000058640000,0x0000000058740000)]
  0x0000000057e4b000 JavaThread "Java2D Disposer" daemon [_thread_blocked, id=6216, stack(0x0000000058410000,0x0000000058510000)]
  0x0000000057adb800 JavaThread "Service Thread" daemon [_thread_blocked, id=6748, stack(0x00000000580d0000,0x00000000581d0000)]
  0x0000000057a60800 JavaThread "C1 CompilerThread2" daemon [_thread_blocked, id=4108, stack(0x0000000057fb0000,0x00000000580b0000)]
=>0x00000000562a7000 JavaThread "C2 CompilerThread1" daemon [_thread_in_native, id=6988, stack(0x00000000571c0000,0x00000000572c0000)]
  0x000000005629f000 JavaThread "C2 CompilerThread0" daemon [_thread_in_native, id=6692, stack(0x0000000057830000,0x0000000057930000)]
  0x00000000562ae000 JavaThread "Attach Listener" daemon [_thread_blocked, id=6548, stack(0x0000000057960000,0x0000000057a60000)]
  0x00000000562ad000 JavaThread "Signal Dispatcher" daemon [_thread_blocked, id=1356, stack(0x00000000576f0000,0x00000000577f0000)]
  0x0000000056247000 JavaThread "Finalizer" daemon [_thread_blocked, id=2304, stack(0x00000000575c0000,0x00000000576c0000)]
  0x0000000056240000 JavaThread "Reference Handler" daemon [_thread_blocked, id=5804, stack(0x00000000574a0000,0x00000000575a0000)]

Other Threads:
  0x000000005623a800 VMThread [stack: 0x0000000057300000,0x0000000057400000] [id=7116]
  0x0000000057afe000 WatcherThread [stack: 0x0000000058260000,0x0000000058360000] [id=6408]

VM state:not at safepoint (normal execution)

VM Mutex/Monitor currently owned by a thread: None

Heap:
 PSYoungGen      total 28672K, used 27507K [0x00000000e0800000, 0x00000000e2800000, 0x0000000100000000)
  eden space 24576K, 95% used [0x00000000e0800000,0x00000000e1ee27e0,0x00000000e2000000)
  from space 4096K, 99% used [0x00000000e2400000,0x00000000e27fa4b0,0x00000000e2800000)
  to   space 4096K, 0% used [0x00000000e2000000,0x00000000e2000000,0x00000000e2400000)
 ParOldGen       total 65536K, used 10924K [0x00000000a1800000, 0x00000000a5800000, 0x00000000e0800000)
  object space 65536K, 16% used [0x00000000a1800000,0x00000000a22ab090,0x00000000a5800000)
 Metaspace       used 14993K, capacity 15190K, committed 15488K, reserved 1062912K
  class space    used 1851K, capacity 1919K, committed 1920K, reserved 1048576K

Card table byte_map: [0x0000000011c50000,0x0000000011f50000] byte_map_base: 0x0000000011744000

Marking Bits: (ParMarkBitMap*) 0x000000006d97a5b0
 Begin Bits: [0x0000000012670000, 0x0000000013e10000)
 End Bits:   [0x0000000013e10000, 0x00000000155b0000)

Polling page: 0x0000000000250000

CodeCache: size=245760Kb used=7945Kb max_used=7945Kb free=237814Kb
 bounds [0x0000000002890000, 0x0000000003060000, 0x0000000011890000]
 total_blobs=3012 nmethods=2501 adapters=421
 compilation: enabled

Compilation events (10 events):
Event: 81.252 Thread 0x0000000057a60800 2517       1       sun.awt.NullComponentPeer::isFocusable (2 bytes)
Event: 81.252 Thread 0x0000000057a60800 nmethod 2517 0x0000000003024550 code [0x00000000030246a0, 0x00000000030247b0]
Event: 81.254 Thread 0x0000000057a60800 2518       3       java.util.Locale$LocaleKey::<init> (45 bytes)
Event: 81.255 Thread 0x0000000057a60800 nmethod 2518 0x000000000302ff90 code [0x0000000003030120, 0x00000000030304d8]
Event: 81.266 Thread 0x00000000562a7000 2519       4       sun.java2d.pipe.DrawImage::copyImage (60 bytes)
Event: 81.272 Thread 0x000000005629f000 2520       4       sun.java2d.pipe.DrawImage::copyImage (105 bytes)
Event: 81.272 Thread 0x0000000057a60800 2522       3       java.awt.Rectangle::getWidth (6 bytes)
Event: 81.285 Thread 0x0000000057a60800 nmethod 2522 0x0000000003039850 code [0x00000000030399a0, 0x0000000003039af0]
Event: 81.285 Thread 0x0000000057a60800 2521       3       javax.swing.JToggleButton$ToggleButtonModel::isSelected (15 bytes)
Event: 81.285 Thread 0x0000000057a60800 nmethod 2521 0x000000000302fc10 code [0x000000000302fd60, 0x000000000302ff10]

GC Heap History (4 events):
Event: 4.393 GC heap before
{Heap before GC invocations=1 (full 0):
 PSYoungGen      total 28672K, used 23837K [0x00000000e0800000, 0x00000000e2800000, 0x0000000100000000)
  eden space 24576K, 96% used [0x00000000e0800000,0x00000000e1f47608,0x00000000e2000000)
  from space 4096K, 0% used [0x00000000e2400000,0x00000000e2400000,0x00000000e2800000)
  to   space 4096K, 0% used [0x00000000e2000000,0x00000000e2000000,0x00000000e2400000)
 ParOldGen       total 65536K, used 0K [0x00000000a1800000, 0x00000000a5800000, 0x00000000e0800000)
  object space 65536K, 0% used [0x00000000a1800000,0x00000000a1800000,0x00000000a5800000)
 Metaspace       used 12925K, capacity 13142K, committed 13312K, reserved 1060864K
  class space    used 1682K, capacity 1755K, committed 1792K, reserved 1048576K
Event: 4.404 GC heap after
Heap after GC invocations=1 (full 0):
 PSYoungGen      total 28672K, used 4089K [0x00000000e0800000, 0x00000000e2800000, 0x0000000100000000)
  eden space 24576K, 0% used [0x00000000e0800000,0x00000000e0800000,0x00000000e2000000)
  from space 4096K, 99% used [0x00000000e2000000,0x00000000e23fe4c0,0x00000000e2400000)
  to   space 4096K, 0% used [0x00000000e2400000,0x00000000e2400000,0x00000000e2800000)
 ParOldGen       total 65536K, used 7962K [0x00000000a1800000, 0x00000000a5800000, 0x00000000e0800000)
  object space 65536K, 12% used [0x00000000a1800000,0x00000000a1fc6a00,0x00000000a5800000)
 Metaspace       used 12925K, capacity 13142K, committed 13312K, reserved 1060864K
  class space    used 1682K, capacity 1755K, committed 1792K, reserved 1048576K
}
Event: 73.816 GC heap before
{Heap before GC invocations=2 (full 0):
 PSYoungGen      total 28672K, used 26812K [0x00000000e0800000, 0x00000000e2800000, 0x0000000100000000)
  eden space 24576K, 92% used [0x00000000e0800000,0x00000000e1e30d38,0x00000000e2000000)
  from space 4096K, 99% used [0x00000000e2000000,0x00000000e23fe4c0,0x00000000e2400000)
  to   space 4096K, 0% used [0x00000000e2400000,0x00000000e2400000,0x00000000e2800000)
 ParOldGen       total 65536K, used 7962K [0x00000000a1800000, 0x00000000a5800000, 0x00000000e0800000)
  object space 65536K, 12% used [0x00000000a1800000,0x00000000a1fc6a00,0x00000000a5800000)
 Metaspace       used 14854K, capacity 15056K, committed 15232K, reserved 1062912K
  class space    used 1850K, capacity 1918K, committed 1920K, reserved 1048576K
Event: 73.823 GC heap after
Heap after GC invocations=2 (full 0):
 PSYoungGen      total 28672K, used 4073K [0x00000000e0800000, 0x00000000e2800000, 0x0000000100000000)
  eden space 24576K, 0% used [0x00000000e0800000,0x00000000e0800000,0x00000000e2000000)
  from space 4096K, 99% used [0x00000000e2400000,0x00000000e27fa4b0,0x00000000e2800000)
  to   space 4096K, 0% used [0x00000000e2000000,0x00000000e2000000,0x00000000e2400000)
 ParOldGen       total 65536K, used 10924K [0x00000000a1800000, 0x00000000a5800000, 0x00000000e0800000)
  object space 65536K, 16% used [0x00000000a1800000,0x00000000a22ab090,0x00000000a5800000)
 Metaspace       used 14854K, capacity 15056K, committed 15232K, reserved 1062912K
  class space    used 1850K, capacity 1918K, committed 1920K, reserved 1048576K
}

Deoptimization events (10 events):
Event: 12.477 Thread 0x0000000057e33800 Uncommon trap: reason=bimorphic action=maybe_recompile pc=0x0000000002c9a0e4 method=java.util.HashMap.putVal(ILjava/lang/Object;Ljava/lang/Object;ZZ)Ljava/lang/Object; @ 91
Event: 18.966 Thread 0x0000000057e33800 Uncommon trap: reason=class_check action=maybe_recompile pc=0x0000000002df2480 method=java.awt.EventQueue.coalesceEvent(Ljava/awt/AWTEvent;I)Z @ 77
Event: 18.967 Thread 0x0000000057e33800 Uncommon trap: reason=unstable_if action=reinterpret pc=0x0000000002d9f500 method=java.util.IdentityHashMap.isEmpty()Z @ 4
Event: 18.998 Thread 0x0000000057e33800 Uncommon trap: reason=class_check action=maybe_recompile pc=0x0000000002df2480 method=java.awt.EventQueue.coalesceEvent(Ljava/awt/AWTEvent;I)Z @ 77
Event: 19.046 Thread 0x0000000057e33800 Uncommon trap: reason=class_check action=maybe_recompile pc=0x0000000002df2480 method=java.awt.EventQueue.coalesceEvent(Ljava/awt/AWTEvent;I)Z @ 77
Event: 19.358 Thread 0x0000000057e33800 Uncommon trap: reason=class_check action=maybe_recompile pc=0x0000000002df2480 method=java.awt.EventQueue.coalesceEvent(Ljava/awt/AWTEvent;I)Z @ 77
Event: 26.663 Thread 0x0000000057e33800 Uncommon trap: reason=unstable_if action=reinterpret pc=0x0000000002e7b14c method=javax.swing.text.Utilities.drawTabbedText(Ljavax/swing/text/View;Ljavax/swing/text/Segment;IILjava/awt/Graphics;Ljavax/swing/text/TabExpander;I[I)I @ 386
Event: 38.535 Thread 0x0000000057e33800 Uncommon trap: reason=bimorphic action=maybe_recompile pc=0x0000000002b12f94 method=javax.swing.UIDefaults.getFromHashtable(Ljava/lang/Object;)Ljava/lang/Object; @ 126
Event: 70.694 Thread 0x0000000057e33800 Uncommon trap: reason=unstable_if action=reinterpret pc=0x0000000002dd73f8 method=java.awt.Container.getMouseEventTargetImpl(IIZLjava/awt/Container$EventTargetFilter;ZZ)Ljava/awt/Component; @ 218
Event: 73.952 Thread 0x0000000057e33800 Uncommon trap: reason=bimorphic action=maybe_recompile pc=0x0000000002b12f94 method=javax.swing.UIDefaults.getFromHashtable(Ljava/lang/Object;)Ljava/lang/Object; @ 126

Internal exceptions (10 events):
Event: 0.170 Thread 0x00000000020ee000 Exception <a 'java/security/PrivilegedActionException'> (0x00000000e0980428) thrown at [C:\re\workspace\8-2-build-windows-amd64-cygwin\jdk8u60\4407\hotspot\src\share\vm\prims\jvm.cpp, line 1386]
Event: 0.170 Thread 0x00000000020ee000 Exception <a 'java/security/PrivilegedActionException'> (0x00000000e0980638) thrown at [C:\re\workspace\8-2-build-windows-amd64-cygwin\jdk8u60\4407\hotspot\src\share\vm\prims\jvm.cpp, line 1386]
Event: 0.171 Thread 0x00000000020ee000 Exception <a 'java/security/PrivilegedActionException'> (0x00000000e0984480) thrown at [C:\re\workspace\8-2-build-windows-amd64-cygwin\jdk8u60\4407\hotspot\src\share\vm\prims\jvm.cpp, line 1386]
Event: 0.171 Thread 0x00000000020ee000 Exception <a 'java/security/PrivilegedActionException'> (0x00000000e0984690) thrown at [C:\re\workspace\8-2-build-windows-amd64-cygwin\jdk8u60\4407\hotspot\src\share\vm\prims\jvm.cpp, line 1386]
Event: 0.175 Thread 0x00000000020ee000 Exception <a 'java/io/FileNotFoundException'> (0x00000000e0986bb8) thrown at [C:\re\workspace\8-2-build-windows-amd64-cygwin\jdk8u60\4407\hotspot\src\share\vm\prims\jni.cpp, line 709]
Event: 0.227 Thread 0x00000000020ee000 Exception <a 'java/lang/NoSuchFieldError': method resolution failed> (0x00000000e0a55298) thrown at [C:\re\workspace\8-2-build-windows-amd64-cygwin\jdk8u60\4407\hotspot\src\share\vm\prims\methodHandles.cpp, line 1146]
Event: 0.230 Thread 0x00000000020ee000 Exception <a 'java/lang/NoSuchFieldError': method resolution failed> (0x00000000e0a625e8) thrown at [C:\re\workspace\8-2-build-windows-amd64-cygwin\jdk8u60\4407\hotspot\src\share\vm\prims\methodHandles.cpp, line 1146]
Event: 0.298 Thread 0x00000000020ee000 Implicit null exception at 0x00000000029f7a4b to 0x00000000029f7bfd
Event: 0.308 Thread 0x00000000020ee000 Exception <a 'java/io/FileNotFoundException'> (0x00000000e0b454f8) thrown at [C:\re\workspace\8-2-build-windows-amd64-cygwin\jdk8u60\4407\hotspot\src\share\vm\prims\jni.cpp, line 709]
Event: 41.486 Thread 0x0000000057e33800 Exception <a 'java/lang/NoSuchMethodError': <clinit>> (0x00000000e1bea198) thrown at [C:\re\workspace\8-2-build-windows-amd64-cygwin\jdk8u60\4407\hotspot\src\share\vm\prims\jni.cpp, line 1591]

Events (10 events):
Event: 73.833 Executing VM operation: RevokeBias done
Event: 73.833 Executing VM operation: RevokeBias
Event: 73.833 Executing VM operation: RevokeBias done
Event: 73.833 Executing VM operation: RevokeBias
Event: 73.833 Executing VM operation: RevokeBias done
Event: 73.952 Thread 0x0000000057e33800 Uncommon trap: trap_request=0xffffffc6 fr.pc=0x0000000002b12f94
Event: 73.952 Thread 0x0000000057e33800 DEOPT PACKING pc=0x0000000002b12f94 sp=0x000000005993bb30
Event: 73.953 Thread 0x0000000057e33800 DEOPT UNPACKING pc=0x00000000028d582a sp=0x000000005993baa8 mode 2
Event: 75.118 loading class sun/awt/EventQueueDelegate$Delegate
Event: 75.118 loading class sun/awt/EventQueueDelegate$Delegate done


Dynamic libraries:
0x000000013fd50000 - 0x000000013fd87000 	C:\Program Files\Java\jdk1.8.0_60\bin\java.exe
0x0000000077770000 - 0x0000000077919000 	C:\Windows\SYSTEM32\ntdll.dll
0x0000000077550000 - 0x000000007766f000 	C:\Windows\system32\kernel32.dll
0x000007fefd830000 - 0x000007fefd89b000 	C:\Windows\system32\KERNELBASE.dll
0x000007fefe220000 - 0x000007fefe2fb000 	C:\Windows\system32\ADVAPI32.dll
0x000007fefdd70000 - 0x000007fefde0f000 	C:\Windows\system32\msvcrt.dll
0x000007fefe1d0000 - 0x000007fefe1ef000 	C:\Windows\SYSTEM32\sechost.dll
0x000007feff3e0000 - 0x000007feff50d000 	C:\Windows\system32\RPCRT4.dll
0x0000000077670000 - 0x000000007776a000 	C:\Windows\system32\USER32.dll
0x000007fefdf80000 - 0x000007fefdfe7000 	C:\Windows\system32\GDI32.dll
0x000007fefdf60000 - 0x000007fefdf6e000 	C:\Windows\system32\LPK.dll
0x000007fefde10000 - 0x000007fefded9000 	C:\Windows\system32\USP10.dll
0x000007fefbda0000 - 0x000007fefbf94000 	C:\Windows\WinSxS\amd64_microsoft.windows.common-controls_6595b64144ccf1df_6.0.7601.17514_none_fa396087175ac9ac\COMCTL32.dll
0x000007fefdee0000 - 0x000007fefdf51000 	C:\Windows\system32\SHLWAPI.dll
0x000007fefe1f0000 - 0x000007fefe21e000 	C:\Windows\system32\IMM32.DLL
0x000007feff8d0000 - 0x000007feff9d9000 	C:\Windows\system32\MSCTF.dll
0x0000000073790000 - 0x0000000073862000 	C:\Program Files\Java\jdk1.8.0_60\jre\bin\msvcr100.dll
0x000000006d170000 - 0x000000006d9f9000 	C:\Program Files\Java\jdk1.8.0_60\jre\bin\server\jvm.dll
0x000007fefb8a0000 - 0x000007fefb8a9000 	C:\Windows\system32\WSOCK32.dll
0x000007fefe300000 - 0x000007fefe34d000 	C:\Windows\system32\WS2_32.dll
0x000007fefdf70000 - 0x000007fefdf78000 	C:\Windows\system32\NSI.dll
0x000007fefb470000 - 0x000007fefb4ab000 	C:\Windows\system32\WINMM.dll
0x000007fefc820000 - 0x000007fefc82c000 	C:\Windows\system32\VERSION.dll
0x0000000077930000 - 0x0000000077937000 	C:\Windows\system32\PSAPI.DLL
0x0000000074b30000 - 0x0000000074b3f000 	C:\Program Files\Java\jdk1.8.0_60\jre\bin\verify.dll
0x0000000074190000 - 0x00000000741b9000 	C:\Program Files\Java\jdk1.8.0_60\jre\bin\java.dll
0x0000000074170000 - 0x0000000074186000 	C:\Program Files\Java\jdk1.8.0_60\jre\bin\zip.dll
0x000007fefe3f0000 - 0x000007feff178000 	C:\Windows\system32\SHELL32.dll
0x000007feff640000 - 0x000007feff843000 	C:\Windows\system32\ole32.dll
0x000007fefd6c0000 - 0x000007fefd6cf000 	C:\Windows\system32\profapi.dll
0x0000000069a10000 - 0x0000000069ba8000 	C:\Program Files\Java\jdk1.8.0_60\jre\bin\awt.dll
0x000007fefdaf0000 - 0x000007fefdbc7000 	C:\Windows\system32\OLEAUT32.dll
0x000007fefbcf0000 - 0x000007fefbd46000 	C:\Windows\system32\uxtheme.dll
0x000007fefb160000 - 0x000007fefb178000 	C:\Windows\system32\dwmapi.dll
0x000007fefd5f0000 - 0x000007fefd5ff000 	C:\Windows\system32\CRYPTBASE.dll
0x00000000699c0000 - 0x0000000069a07000 	C:\Program Files\Java\jdk1.8.0_60\jre\bin\fontmanager.dll
0x0000000067800000 - 0x000000006781a000 	C:\Program Files\Java\jdk1.8.0_60\jre\bin\net.dll
0x000007fefcef0000 - 0x000007fefcf45000 	C:\Windows\system32\mswsock.dll
0x000007fefcee0000 - 0x000007fefcee7000 	C:\Windows\System32\wship6.dll
0x0000000067410000 - 0x0000000067421000 	C:\Program Files\Java\jdk1.8.0_60\jre\bin\nio.dll
0x0000000069970000 - 0x00000000699b2000 	C:\Program Files\Java\jdk1.8.0_60\jre\bin\t2k.dll
0x000007fefe350000 - 0x000007fefe3e9000 	C:\Windows\system32\CLBCatQ.DLL
0x000007fefaf00000 - 0x000007fefb02a000 	C:\Windows\system32\WindowsCodecs.dll
0x000007fefd590000 - 0x000007fefd5e7000 	C:\Windows\system32\apphelp.dll
0x000007fef33d0000 - 0x000007fef33d9000 	C:\Program Files (x86)\Internet Download Manager\IDMShellExt64.dll
0x000007fef3140000 - 0x000007fef337b000 	C:\PROGRA~1\MICROS~2\Office15\GROOVEEX.DLL
0x0000000073bb0000 - 0x0000000073c48000 	C:\Windows\system32\MSVCP100.dll
0x0000000073870000 - 0x000000007389b000 	C:\Windows\system32\ATL100.DLL
0x000007fef2e20000 - 0x000007fef3136000 	C:\Windows\system32\msi.dll
0x000007fef2300000 - 0x000007fef2939000 	C:\PROGRA~1\MICROS~2\Office15\1033\GrooveIntlResource.dll
0x000007fef22c0000 - 0x000007fef22f5000 	C:\Windows\system32\EhStorShell.dll
0x000007fefdff0000 - 0x000007fefe1c7000 	C:\Windows\system32\SETUPAPI.dll
0x000007fefd8a0000 - 0x000007fefd8d6000 	C:\Windows\system32\CFGMGR32.dll
0x000007fefd770000 - 0x000007fefd78a000 	C:\Windows\system32\DEVOBJ.dll
0x000007fefc100000 - 0x000007fefc22c000 	C:\Windows\system32\PROPSYS.dll
0x000007fef2240000 - 0x000007fef22be000 	C:\Windows\System32\cscui.dll
0x000007fef2230000 - 0x000007fef223c000 	C:\Windows\System32\CSCDLL.dll
0x000007fefa920000 - 0x000007fefa92f000 	C:\Windows\system32\CSCAPI.dll
0x000007fef21b0000 - 0x000007fef2230000 	C:\Windows\system32\ntshrui.dll
0x000007fefd490000 - 0x000007fefd4b3000 	C:\Windows\system32\srvcli.dll
0x000007fefb7a0000 - 0x000007fefb7ab000 	C:\Windows\system32\slc.dll
0x000007feefeb0000 - 0x000007feeff50000 	C:\Windows\WinSxS\amd64_microsoft.windows.common-controls_6595b64144ccf1df_5.82.7601.17514_none_a4d6a923711520a9\comctl32.dll
0x000007fefac80000 - 0x000007fefada5000 	C:\Windows\system32\dbghelp.dll

VM Arguments:
jvm_args: -Dfile.encoding=UTF-8 
java_command: FinalProject.Awal
java_class_path (initial): C:\Users\Ahmad\Documents\NetBeansProjects\FinalProject\build\classes
Launcher Type: SUN_STANDARD

Environment Variables:
PATH=C:\Windows\system32;C:\Windows;C:\Windows\System32\Wbem;C:\Windows\System32\WindowsPowerShell\v1.0\;C:\Program Files\nodejs\;C:\xampp\php;C:\ProgramData\ComposerSetup\bin;C:\Program Files\Git\cmd;C:\Program Files (x86)\Microsoft SQL Server\110\Tools\Binn\;C:\Program Files\Microsoft SQL Server\110\Tools\Binn\;C:\Program Files\Microsoft SQL Server\110\DTS\Binn\;C:\Program Files (x86)\Microsoft SQL Server\110\Tools\Binn\ManagementStudio\;C:\Program Files (x86)\Microsoft Visual Studio 10.0\Common7\IDE\PrivateAssemblies\;C:\Program Files (x86)\Microsoft SQL Server\110\DTS\Binn\;C:\Program Files\Java\jdk1.8.0_60\bin;C:\Users\Ahmad\AppData\Roaming\npm; C:\Program Files\Java\jdk1.8.0_60\bin
USERNAME=Ahmad
OS=Windows_NT
PROCESSOR_IDENTIFIER=Intel64 Family 6 Model 42 Stepping 7, GenuineIntel



---------------  S Y S T E M  ---------------

OS: Windows 7 , 64 bit Build 7601 (6.1.7601.17514)

CPU:total 4 (2 cores per cpu, 2 threads per core) family 6 model 42 stepping 7, cmov, cx8, fxsr, mmx, sse, sse2, sse3, ssse3, sse4.1, sse4.2, popcnt, avx, clmul, ht, tsc, tscinvbit

Memory: 4k page, physical 6193148k(2004676k free), swap 12384452k(7405120k free)

vm_info: Java HotSpot(TM) 64-Bit Server VM (25.60-b23) for windows-amd64 JRE (1.8.0_60-b27), built on Aug  4 2015 11:06:27 by "java_re" with MS VC++ 10.0 (VS2010)

time: Mon Dec 28 16:07:38 2015
elapsed time: 81 seconds (0d 0h 1m 21s)

