#
# A fatal error has been detected by the Java Runtime Environment:
#
#  EXCEPTION_ACCESS_VIOLATION (0xc0000005) at pc=0x000000006d60a676, pid=6976, tid=1532
#
# JRE version: Java(TM) SE Runtime Environment (8.0_60-b27) (build 1.8.0_60-b27)
# Java VM: Java HotSpot(TM) 64-Bit Server VM (25.60-b23 mixed mode windows-amd64 compressed oops)
# Problematic frame:
# V  [jvm.dll+0x49a676]
#
# Failed to write core dump. Minidumps are not enabled by default on client versions of Windows
#
# If you would like to submit a bug report, please visit:
#   http://bugreport.java.com/bugreport/crash.jsp
#

---------------  T H R E A D  ---------------

Current thread (0x0000000057559800):  JavaThread "C2 CompilerThread1" daemon [_thread_in_native, id=1532, stack(0x0000000057de0000,0x0000000057ee0000)]

siginfo: ExceptionCode=0xc0000005, reading address 0x000000005c41b9a0

Registers:
RAX=0x0000000057559800, RBX=0x0000000057edef40, RCX=0x000000000000000b, RDX=0x0000000000000868
RSP=0x0000000057edc530, RBP=0x000000000013e790, RSI=0x000000005c636fb0, RDI=0x0000000000000868
R8 =0x000000005c41b9a0, R9 =0x000000006d97ace8, R10=0x0000000057edc8d0, R11=0x000000000000002e
R12=0x000000005d760050, R13=0x0000000057edcbc0, R14=0x000000006d170000, R15=0x000000006d97ace8
RIP=0x000000006d60a676, EFLAGS=0x0000000000010206

Top of Stack: (sp=0x0000000057edc530)
0x0000000057edc530:   0000000000000000 000007fefd83132c
0x0000000057edc540:   0000000000000000 0000000000000000
0x0000000057edc550:   000000005c636fb0 000000006d60620a
0x0000000057edc560:   0000000000000868 0000000000002d7f
0x0000000057edc570:   000000000013e790 0000000000002d7f
0x0000000057edc580:   000008690000000f 0000000000000004
0x0000000057edc590:   000000005c87cc60 0000000000000009
0x0000000057edc5a0:   000000005c9a6740 0000000000000040
0x0000000057edc5b0:   0000000057edc740 000000006d640994
0x0000000057edc5c0:   0000000000000001 000000005c083928
0x0000000057edc5d0:   000000005ba6f2a0 0000000057edcbc0
0x0000000057edc5e0:   0000000057edcbc0 000000006d6076d8
0x0000000057edc5f0:   000000000013e790 0000000000000e2e
0x0000000057edc600:   0000000057edc6f0 000000005d76cbf8
0x0000000057edc610:   0000001100000000 000000000000002f
0x0000000057edc620:   000000005c083928 00002d7f00000000 

Instructions: (pc=0x000000006d60a676)
0x000000006d60a656:   00 49 8b 98 88 00 00 00 4c 8b 83 e8 07 00 00 4d
0x000000006d60a666:   85 c0 75 0c e8 e1 fe ff ff 4c 8b 83 e8 07 00 00
0x000000006d60a676:   49 8b 00 48 8b d7 48 89 83 e8 07 00 00 48 8b 5c
0x000000006d60a686:   24 30 33 c0 49 89 00 49 89 40 08 49 89 40 10 49 


Register to memory mapping:

RAX=0x0000000057559800 is a thread
RBX=0x0000000057edef40 is pointing into the stack for thread: 0x0000000057559800
RCX=0x000000000000000b is an unknown value
RDX=0x0000000000000868 is an unknown value
RSP=0x0000000057edc530 is pointing into the stack for thread: 0x0000000057559800
RBP=0x000000000013e790 is an unknown value
RSI=0x000000005c636fb0 is an unknown value
RDI=0x0000000000000868 is an unknown value
R8 =0x000000005c41b9a0 is an unknown value
R9 =0x000000006d97ace8 is an unknown value
R10=0x0000000057edc8d0 is pointing into the stack for thread: 0x0000000057559800
R11=0x000000000000002e is an unknown value
R12=0x000000005d760050 is an unknown value
R13=0x0000000057edcbc0 is pointing into the stack for thread: 0x0000000057559800
R14=0x000000006d170000 is an unknown value
R15=0x000000006d97ace8 is an unknown value


Stack: [0x0000000057de0000,0x0000000057ee0000],  sp=0x0000000057edc530,  free space=1009k
Native frames: (J=compiled Java code, j=interpreted, Vv=VM code, C=native code)
V  [jvm.dll+0x49a676]
V  [jvm.dll+0x49620a]
V  [jvm.dll+0x4976d8]
V  [jvm.dll+0x462668]
V  [jvm.dll+0x46d51b]
V  [jvm.dll+0x46fb32]
V  [jvm.dll+0x452cb2]
V  [jvm.dll+0xa4662]
V  [jvm.dll+0xa4f9f]
V  [jvm.dll+0x243134]
V  [jvm.dll+0x299f6a]
C  [msvcr100.dll+0x21d9f]
C  [msvcr100.dll+0x21e3b]
C  [kernel32.dll+0x1652d]
C  [ntdll.dll+0x2c521]


Current CompileTask:
C2:  42565 2255   !   4       javax.swing.JComponent::_paintImmediately (891 bytes)


---------------  P R O C E S S  ---------------

Java Threads: ( => current thread )
  0x0000000058651000 JavaThread "TimerQueue" daemon [_thread_blocked, id=6512, stack(0x000000005a510000,0x000000005a610000)]
  0x00000000021ce000 JavaThread "DestroyJavaVM" [_thread_blocked, id=3684, stack(0x0000000002430000,0x0000000002530000)]
  0x0000000058570000 JavaThread "AWT-EventQueue-0" [_thread_blocked, id=7144, stack(0x00000000596e0000,0x00000000597e0000)]
  0x000000005790f000 JavaThread "AWT-Windows" daemon [_thread_in_native, id=5824, stack(0x0000000058ec0000,0x0000000058fc0000)]
  0x000000005790e800 JavaThread "AWT-Shutdown" [_thread_blocked, id=6008, stack(0x00000000582f0000,0x00000000583f0000)]
  0x0000000057909800 JavaThread "Java2D Disposer" daemon [_thread_blocked, id=5616, stack(0x0000000058da0000,0x0000000058ea0000)]
  0x00000000575d6000 JavaThread "Service Thread" daemon [_thread_blocked, id=5816, stack(0x00000000581d0000,0x00000000582d0000)]
  0x000000005755a800 JavaThread "C1 CompilerThread2" daemon [_thread_blocked, id=5440, stack(0x0000000058040000,0x0000000058140000)]
=>0x0000000057559800 JavaThread "C2 CompilerThread1" daemon [_thread_in_native, id=1532, stack(0x0000000057de0000,0x0000000057ee0000)]
  0x0000000057542800 JavaThread "C2 CompilerThread0" daemon [_thread_blocked, id=3840, stack(0x0000000057b80000,0x0000000057c80000)]
  0x00000000561d5800 JavaThread "Attach Listener" daemon [_thread_blocked, id=6176, stack(0x0000000057c80000,0x0000000057d80000)]
  0x00000000561d4000 JavaThread "Signal Dispatcher" daemon [_thread_blocked, id=6116, stack(0x00000000579e0000,0x0000000057ae0000)]
  0x000000005617a800 JavaThread "Finalizer" daemon [_thread_blocked, id=5976, stack(0x0000000057340000,0x0000000057440000)]
  0x0000000056173800 JavaThread "Reference Handler" daemon [_thread_blocked, id=3216, stack(0x0000000057440000,0x0000000057540000)]

Other Threads:
  0x000000005616e000 VMThread [stack: 0x00000000571d0000,0x00000000572d0000] [id=3448]
  0x00000000561df800 WatcherThread [stack: 0x0000000058450000,0x0000000058550000] [id=3636]

VM state:not at safepoint (normal execution)

VM Mutex/Monitor currently owned by a thread: None

Heap:
 PSYoungGen      total 28672K, used 18067K [0x00000000e0800000, 0x00000000e2800000, 0x0000000100000000)
  eden space 24576K, 56% used [0x00000000e0800000,0x00000000e15a68e8,0x00000000e2000000)
  from space 4096K, 99% used [0x00000000e2000000,0x00000000e23fe4a0,0x00000000e2400000)
  to   space 4096K, 0% used [0x00000000e2400000,0x00000000e2400000,0x00000000e2800000)
 ParOldGen       total 65536K, used 2447K [0x00000000a1800000, 0x00000000a5800000, 0x00000000e0800000)
  object space 65536K, 3% used [0x00000000a1800000,0x00000000a1a63f00,0x00000000a5800000)
 Metaspace       used 14179K, capacity 14378K, committed 14720K, reserved 1062912K
  class space    used 1760K, capacity 1819K, committed 1920K, reserved 1048576K

Card table byte_map: [0x0000000011bc0000,0x0000000011ec0000] byte_map_base: 0x00000000116b4000

Marking Bits: (ParMarkBitMap*) 0x000000006d97a5b0
 Begin Bits: [0x00000000125a0000, 0x0000000013d40000)
 End Bits:   [0x0000000013d40000, 0x00000000154e0000)

Polling page: 0x0000000000430000

CodeCache: size=245760Kb used=7215Kb max_used=7227Kb free=238544Kb
 bounds [0x0000000002800000, 0x0000000002f20000, 0x0000000011800000]
 total_blobs=2752 nmethods=2252 adapters=410
 compilation: enabled

Compilation events (10 events):
Event: 42.272 Thread 0x000000005755a800 2262       3       javax.swing.undo.CompoundEdit::<init> (21 bytes)
Event: 42.272 Thread 0x000000005755a800 nmethod 2262 0x0000000002efbe10 code [0x0000000002efbfa0, 0x0000000002efc348]
Event: 42.272 Thread 0x000000005755a800 2263       3       javax.swing.text.AbstractDocument$DefaultDocumentEvent::addEdit (133 bytes)
Event: 42.273 Thread 0x000000005755a800 nmethod 2263 0x0000000002ef65d0 code [0x0000000002ef6820, 0x0000000002ef7908]
Event: 42.273 Thread 0x000000005755a800 2264       3       javax.swing.undo.CompoundEdit::addEdit (75 bytes)
Event: 42.273 Thread 0x000000005755a800 nmethod 2264 0x0000000002ef5650 code [0x0000000002ef5820, 0x0000000002ef62b8]
Event: 42.274 Thread 0x000000005755a800 2265       3       javax.swing.undo.CompoundEdit::lastEdit (28 bytes)
Event: 42.274 Thread 0x000000005755a800 nmethod 2265 0x0000000002f12290 code [0x0000000002f12420, 0x0000000002f12988]
Event: 42.356 Thread 0x0000000057542800 2267       4       javax.swing.JComponent::isOpaque (6 bytes)
Event: 42.357 Thread 0x0000000057542800 nmethod 2267 0x0000000002e85010 code [0x0000000002e85140, 0x0000000002e851b8]

GC Heap History (2 events):
Event: 8.696 GC heap before
{Heap before GC invocations=1 (full 0):
 PSYoungGen      total 28672K, used 24576K [0x00000000e0800000, 0x00000000e2800000, 0x0000000100000000)
  eden space 24576K, 100% used [0x00000000e0800000,0x00000000e2000000,0x00000000e2000000)
  from space 4096K, 0% used [0x00000000e2400000,0x00000000e2400000,0x00000000e2800000)
  to   space 4096K, 0% used [0x00000000e2000000,0x00000000e2000000,0x00000000e2400000)
 ParOldGen       total 65536K, used 0K [0x00000000a1800000, 0x00000000a5800000, 0x00000000e0800000)
  object space 65536K, 0% used [0x00000000a1800000,0x00000000a1800000,0x00000000a5800000)
 Metaspace       used 13810K, capacity 14058K, committed 14464K, reserved 1062912K
  class space    used 1757K, capacity 1819K, committed 1920K, reserved 1048576K
Event: 8.703 GC heap after
Heap after GC invocations=1 (full 0):
 PSYoungGen      total 28672K, used 4089K [0x00000000e0800000, 0x00000000e2800000, 0x0000000100000000)
  eden space 24576K, 0% used [0x00000000e0800000,0x00000000e0800000,0x00000000e2000000)
  from space 4096K, 99% used [0x00000000e2000000,0x00000000e23fe4a0,0x00000000e2400000)
  to   space 4096K, 0% used [0x00000000e2400000,0x00000000e2400000,0x00000000e2800000)
 ParOldGen       total 65536K, used 2447K [0x00000000a1800000, 0x00000000a5800000, 0x00000000e0800000)
  object space 65536K, 3% used [0x00000000a1800000,0x00000000a1a63f00,0x00000000a5800000)
 Metaspace       used 13810K, capacity 14058K, committed 14464K, reserved 1062912K
  class space    used 1757K, capacity 1819K, committed 1920K, reserved 1048576K
}

Deoptimization events (10 events):
Event: 0.297 Thread 0x00000000021ce000 Uncommon trap: reason=null_check action=make_not_entrant pc=0x000000000296f70c method=java.lang.String.equals(Ljava/lang/Object;)Z @ 8
Event: 1.267 Thread 0x0000000058570000 Uncommon trap: reason=class_check action=maybe_recompile pc=0x0000000002988b58 method=java.lang.String.equals(Ljava/lang/Object;)Z @ 8
Event: 1.267 Thread 0x0000000058570000 Uncommon trap: reason=class_check action=maybe_recompile pc=0x0000000002988b58 method=java.lang.String.equals(Ljava/lang/Object;)Z @ 8
Event: 2.183 Thread 0x0000000058570000 Uncommon trap: reason=class_check action=maybe_recompile pc=0x0000000002988b58 method=java.lang.String.equals(Ljava/lang/Object;)Z @ 8
Event: 2.183 Thread 0x0000000058570000 Uncommon trap: reason=class_check action=maybe_recompile pc=0x0000000002988b58 method=java.lang.String.equals(Ljava/lang/Object;)Z @ 8
Event: 5.117 Thread 0x0000000058570000 Uncommon trap: reason=bimorphic action=maybe_recompile pc=0x0000000002a6ee70 method=javax.swing.UIDefaults.getFromHashtable(Ljava/lang/Object;)Ljava/lang/Object; @ 126
Event: 8.703 Thread 0x0000000058570000 Uncommon trap: reason=unstable_if action=reinterpret pc=0x0000000002aee230 method=java.lang.ref.SoftReference.get()Ljava/lang/Object; @ 17
Event: 12.502 Thread 0x0000000058570000 Uncommon trap: reason=unstable_if action=reinterpret pc=0x0000000002bf7f60 method=java.lang.ref.SoftReference.get()Ljava/lang/Object; @ 17
Event: 15.824 Thread 0x0000000058570000 Uncommon trap: reason=unstable_if action=reinterpret pc=0x0000000002d00888 method=javax.swing.SwingUtilities.computeIntersection(IIIILjava/awt/Rectangle;)Ljava/awt/Rectangle; @ 62
Event: 19.762 Thread 0x0000000058570000 Uncommon trap: reason=unstable_if action=reinterpret pc=0x0000000002cf3b68 method=java.lang.ref.SoftReference.get()Ljava/lang/Object; @ 17

Internal exceptions (10 events):
Event: 0.072 Thread 0x00000000021ce000 Exception <a 'java/lang/NoSuchMethodError': Method sun.misc.Unsafe.prefetchRead(Ljava/lang/Object;J)V name or signature does not match> (0x00000000e080d628) thrown at [C:\re\workspace\8-2-build-windows-amd64-cygwin\jdk8u60\4407\hotspot\src\share\vm\prims\j²—„fÏÂ?
Event: 0.147 Thread 0x00000000021ce000 Exception <a 'java/security/PrivilegedActionException'> (0x00000000e0980428) thrown at [C:\re\workspace\8-2-build-windows-amd64-cygwin\jdk8u60\4407\hotspot\src\share\vm\prims\jvm.cpp, line 1386]
Event: 0.147 Thread 0x00000000021ce000 Exception <a 'java/security/PrivilegedActionException'> (0x00000000e0980638) thrown at [C:\re\workspace\8-2-build-windows-amd64-cygwin\jdk8u60\4407\hotspot\src\share\vm\prims\jvm.cpp, line 1386]
Event: 0.148 Thread 0x00000000021ce000 Exception <a 'java/security/PrivilegedActionException'> (0x00000000e0984480) thrown at [C:\re\workspace\8-2-build-windows-amd64-cygwin\jdk8u60\4407\hotspot\src\share\vm\prims\jvm.cpp, line 1386]
Event: 0.148 Thread 0x00000000021ce000 Exception <a 'java/security/PrivilegedActionException'> (0x00000000e0984690) thrown at [C:\re\workspace\8-2-build-windows-amd64-cygwin\jdk8u60\4407\hotspot\src\share\vm\prims\jvm.cpp, line 1386]
Event: 0.153 Thread 0x00000000021ce000 Exception <a 'java/io/FileNotFoundException'> (0x00000000e0986bb8) thrown at [C:\re\workspace\8-2-build-windows-amd64-cygwin\jdk8u60\4407\hotspot\src\share\vm\prims\jni.cpp, line 709]
Event: 0.212 Thread 0x00000000021ce000 Exception <a 'java/lang/NoSuchFieldError': method resolution failed> (0x00000000e0a55298) thrown at [C:\re\workspace\8-2-build-windows-amd64-cygwin\jdk8u60\4407\hotspot\src\share\vm\prims\methodHandles.cpp, line 1146]
Event: 0.215 Thread 0x00000000021ce000 Exception <a 'java/lang/NoSuchFieldError': method resolution failed> (0x00000000e0a625e8) thrown at [C:\re\workspace\8-2-build-windows-amd64-cygwin\jdk8u60\4407\hotspot\src\share\vm\prims\methodHandles.cpp, line 1146]
Event: 0.297 Thread 0x00000000021ce000 Implicit null exception at 0x000000000296f54b to 0x000000000296f6fd
Event: 0.307 Thread 0x00000000021ce000 Exception <a 'java/io/FileNotFoundException'> (0x00000000e0b45258) thrown at [C:\re\workspace\8-2-build-windows-amd64-cygwin\jdk8u60\4407\hotspot\src\share\vm\prims\jni.cpp, line 709]

Events (10 events):
Event: 31.472 Thread 0x000000005755a800 flushing nmethod 0x0000000002910410
Event: 31.472 Thread 0x000000005755a800 flushing nmethod 0x0000000002914890
Event: 31.472 Thread 0x000000005755a800 flushing nmethod 0x0000000002923810
Event: 31.478 Thread 0x0000000057559800 flushing nmethod 0x000000000296f3d0
Event: 31.478 Thread 0x0000000057559800 flushing nmethod 0x000000000297c550
Event: 31.478 Thread 0x000000005755a800 flushing nmethod 0x00000000029a9310
Event: 31.478 Thread 0x000000005755a800 flushing nmethod 0x00000000029c30d0
Event: 31.478 Thread 0x000000005755a800 flushing nmethod 0x00000000029c3850
Event: 38.377 loading class sun/awt/EventQueueDelegate$Delegate
Event: 38.378 loading class sun/awt/EventQueueDelegate$Delegate done


Dynamic libraries:
0x000000013fef0000 - 0x000000013ff27000 	C:\Program Files\Java\jdk1.8.0_60\bin\java.exe
0x0000000077770000 - 0x0000000077919000 	C:\Windows\SYSTEM32\ntdll.dll
0x0000000077550000 - 0x000000007766f000 	C:\Windows\system32\kernel32.dll
0x000007fefd830000 - 0x000007fefd89b000 	C:\Windows\system32\KERNELBASE.dll
0x000007fefe220000 - 0x000007fefe2fb000 	C:\Windows\system32\ADVAPI32.dll
0x000007fefdd70000 - 0x000007fefde0f000 	C:\Windows\system32\msvcrt.dll
0x000007fefe1d0000 - 0x000007fefe1ef000 	C:\Windows\SYSTEM32\sechost.dll
0x000007feff3e0000 - 0x000007feff50d000 	C:\Windows\system32\RPCRT4.dll
0x0000000077670000 - 0x000000007776a000 	C:\Windows\system32\USER32.dll
0x000007fefdf80000 - 0x000007fefdfe7000 	C:\Windows\system32\GDI32.dll
0x000007fefdf60000 - 0x000007fefdf6e000 	C:\Windows\system32\LPK.dll
0x000007fefde10000 - 0x000007fefded9000 	C:\Windows\system32\USP10.dll
0x000007fefbda0000 - 0x000007fefbf94000 	C:\Windows\WinSxS\amd64_microsoft.windows.common-controls_6595b64144ccf1df_6.0.7601.17514_none_fa396087175ac9ac\COMCTL32.dll
0x000007fefdee0000 - 0x000007fefdf51000 	C:\Windows\system32\SHLWAPI.dll
0x000007fefe1f0000 - 0x000007fefe21e000 	C:\Windows\system32\IMM32.DLL
0x000007feff8d0000 - 0x000007feff9d9000 	C:\Windows\system32\MSCTF.dll
0x0000000073790000 - 0x0000000073862000 	C:\Program Files\Java\jdk1.8.0_60\jre\bin\msvcr100.dll
0x000000006d170000 - 0x000000006d9f9000 	C:\Program Files\Java\jdk1.8.0_60\jre\bin\server\jvm.dll
0x000007fefb8a0000 - 0x000007fefb8a9000 	C:\Windows\system32\WSOCK32.dll
0x000007fefe300000 - 0x000007fefe34d000 	C:\Windows\system32\WS2_32.dll
0x000007fefdf70000 - 0x000007fefdf78000 	C:\Windows\system32\NSI.dll
0x000007fefb470000 - 0x000007fefb4ab000 	C:\Windows\system32\WINMM.dll
0x000007fefc820000 - 0x000007fefc82c000 	C:\Windows\system32\VERSION.dll
0x0000000077930000 - 0x0000000077937000 	C:\Windows\system32\PSAPI.DLL
0x0000000074b30000 - 0x0000000074b3f000 	C:\Program Files\Java\jdk1.8.0_60\jre\bin\verify.dll
0x0000000074190000 - 0x00000000741b9000 	C:\Program Files\Java\jdk1.8.0_60\jre\bin\java.dll
0x0000000074170000 - 0x0000000074186000 	C:\Program Files\Java\jdk1.8.0_60\jre\bin\zip.dll
0x000007fefe3f0000 - 0x000007feff178000 	C:\Windows\system32\SHELL32.dll
0x000007feff640000 - 0x000007feff843000 	C:\Windows\system32\ole32.dll
0x000007fefd6c0000 - 0x000007fefd6cf000 	C:\Windows\system32\profapi.dll
0x0000000069a10000 - 0x0000000069ba8000 	C:\Program Files\Java\jdk1.8.0_60\jre\bin\awt.dll
0x000007fefdaf0000 - 0x000007fefdbc7000 	C:\Windows\system32\OLEAUT32.dll
0x000007fefbcf0000 - 0x000007fefbd46000 	C:\Windows\system32\uxtheme.dll
0x000007fefb160000 - 0x000007fefb178000 	C:\Windows\system32\dwmapi.dll
0x000007fefd5f0000 - 0x000007fefd5ff000 	C:\Windows\system32\CRYPTBASE.dll
0x00000000699c0000 - 0x0000000069a07000 	C:\Program Files\Java\jdk1.8.0_60\jre\bin\fontmanager.dll
0x0000000067800000 - 0x000000006781a000 	C:\Program Files\Java\jdk1.8.0_60\jre\bin\net.dll
0x000007fefcef0000 - 0x000007fefcf45000 	C:\Windows\system32\mswsock.dll
0x000007fefcee0000 - 0x000007fefcee7000 	C:\Windows\System32\wship6.dll
0x0000000067410000 - 0x0000000067421000 	C:\Program Files\Java\jdk1.8.0_60\jre\bin\nio.dll
0x0000000069970000 - 0x00000000699b2000 	C:\Program Files\Java\jdk1.8.0_60\jre\bin\t2k.dll
0x000007fefe350000 - 0x000007fefe3e9000 	C:\Windows\system32\CLBCatQ.DLL
0x000007fefaf00000 - 0x000007fefb02a000 	C:\Windows\system32\WindowsCodecs.dll
0x000007fefd590000 - 0x000007fefd5e7000 	C:\Windows\system32\apphelp.dll
0x000007fef33d0000 - 0x000007fef33d9000 	C:\Program Files (x86)\Internet Download Manager\IDMShellExt64.dll
0x000007fef3140000 - 0x000007fef337b000 	C:\PROGRA~1\MICROS~2\Office15\GROOVEEX.DLL
0x0000000073bb0000 - 0x0000000073c48000 	C:\Windows\system32\MSVCP100.dll
0x0000000073870000 - 0x000000007389b000 	C:\Windows\system32\ATL100.DLL
0x000007fef2e20000 - 0x000007fef3136000 	C:\Windows\system32\msi.dll
0x000007fef2300000 - 0x000007fef2939000 	C:\PROGRA~1\MICROS~2\Office15\1033\GrooveIntlResource.dll
0x000007fef22c0000 - 0x000007fef22f5000 	C:\Windows\system32\EhStorShell.dll
0x000007fefdff0000 - 0x000007fefe1c7000 	C:\Windows\system32\SETUPAPI.dll
0x000007fefd8a0000 - 0x000007fefd8d6000 	C:\Windows\system32\CFGMGR32.dll
0x000007fefd770000 - 0x000007fefd78a000 	C:\Windows\system32\DEVOBJ.dll
0x000007fefc100000 - 0x000007fefc22c000 	C:\Windows\system32\PROPSYS.dll
0x000007fef2240000 - 0x000007fef22be000 	C:\Windows\System32\cscui.dll
0x000007fef2230000 - 0x000007fef223c000 	C:\Windows\System32\CSCDLL.dll
0x000007fefa920000 - 0x000007fefa92f000 	C:\Windows\system32\CSCAPI.dll
0x000007fef21b0000 - 0x000007fef2230000 	C:\Windows\system32\ntshrui.dll
0x000007fefd490000 - 0x000007fefd4b3000 	C:\Windows\system32\srvcli.dll
0x000007fefb7a0000 - 0x000007fefb7ab000 	C:\Windows\system32\slc.dll
0x000007feefeb0000 - 0x000007feeff50000 	C:\Windows\WinSxS\amd64_microsoft.windows.common-controls_6595b64144ccf1df_5.82.7601.17514_none_a4d6a923711520a9\comctl32.dll
0x000007fefac80000 - 0x000007fefada5000 	C:\Windows\system32\dbghelp.dll

VM Arguments:
jvm_args: -Dfile.encoding=UTF-8 
java_command: FinalProject.Awal
java_class_path (initial): C:\Users\Ahmad\Documents\NetBeansProjects\FinalProject\build\classes
Launcher Type: SUN_STANDARD

Environment Variables:
PATH=C:\Windows\system32;C:\Windows;C:\Windows\System32\Wbem;C:\Windows\System32\WindowsPowerShell\v1.0\;C:\Program Files\nodejs\;C:\xampp\php;C:\ProgramData\ComposerSetup\bin;C:\Program Files\Git\cmd;C:\Program Files (x86)\Microsoft SQL Server\110\Tools\Binn\;C:\Program Files\Microsoft SQL Server\110\Tools\Binn\;C:\Program Files\Microsoft SQL Server\110\DTS\Binn\;C:\Program Files (x86)\Microsoft SQL Server\110\Tools\Binn\ManagementStudio\;C:\Program Files (x86)\Microsoft Visual Studio 10.0\Common7\IDE\PrivateAssemblies\;C:\Program Files (x86)\Microsoft SQL Server\110\DTS\Binn\;C:\Program Files\Java\jdk1.8.0_60\bin;C:\Users\Ahmad\AppData\Roaming\npm; C:\Program Files\Java\jdk1.8.0_60\bin
USERNAME=Ahmad
OS=Windows_NT
PROCESSOR_IDENTIFIER=Intel64 Family 6 Model 42 Stepping 7, GenuineIntel



---------------  S Y S T E M  ---------------

OS: Windows 7 , 64 bit Build 7601 (6.1.7601.17514)

CPU:total 4 (2 cores per cpu, 2 threads per core) family 6 model 42 stepping 7, cmov, cx8, fxsr, mmx, sse, sse2, sse3, ssse3, sse4.1, sse4.2, popcnt, avx, clmul, ht, tsc, tscinvbit

Memory: 4k page, physical 6193148k(2714672k free), swap 12384452k(8030484k free)

vm_info: Java HotSpot(TM) 64-Bit Server VM (25.60-b23) for windows-amd64 JRE (1.8.0_60-b27), built on Aug  4 2015 11:06:27 by "java_re" with MS VC++ 10.0 (VS2010)

time: Mon Dec 28 15:46:24 2015
elapsed time: 42 seconds (0d 0h 0m 42s)

